{
"contracts/TechnoLimeStore.sol":{"l":{"25":1,"27":1,"49":5,"50":4,"55":13,"56":13,"62":17,"63":17,"64":17,"65":14,"66":14,"67":14,"70":17,"76":10,"77":9,"79":1,"81":9,"87":13,"88":13,"89":3,"90":3,"91":3,"94":13,"106":4,"107":3,"108":3,"114":3,"116":1,"117":1,"118":1,"129":2,"130":2,"131":3,"132":3,"134":2,"140":3,"141":3,"142":3,"143":3,"145":3,"160":9,"161":8,"162":7,"163":6,"164":6,"165":6,"166":6,"167":6,"168":6,"181":3,"182":2,"183":2,"184":2,"185":1,"188":1,"189":1,"190":1,"191":1,"192":1,"193":1,"198":1,"208":1,"211":1,"212":1,"213":1,"215":1},"path":"/Users/gerborisova/Desktop/lime-techno-store-qqayva/contracts/TechnoLimeStore.sol","s":{"1":1,"2":5,"3":17,"4":17,"5":10,"6":1,"7":13,"8":3,"9":4,"10":3,"11":3,"12":1,"13":1,"14":1,"15":2,"16":2,"17":3,"18":2,"19":3,"20":3,"21":3,"22":3,"23":9,"24":8,"25":7,"26":6,"27":6,"28":6,"29":6,"30":3,"31":2,"32":2,"33":2,"34":1,"35":1,"36":1,"37":1,"38":1,"39":1,"40":1,"41":1,"42":1,"43":1},"b":{"1":[4,1],"2":[14,3],"3":[9,1],"4":[3,0],"5":[4,1],"6":[4,0],"7":[3,1],"8":[10,0],"9":[10,0],"10":[10,0],"11":[9,1],"12":[8,1],"13":[7,1],"14":[6,1],"15":[3,0],"16":[3,0],"17":[3,0],"18":[2,1],"19":[1,1],"20":[1,0]},"f":{"1":1,"2":5,"3":13,"4":17,"5":10,"6":13,"7":4,"8":2,"9":3,"10":9,"11":3,"12":1,"13":1},"fnMap":{"1":{"name":"constructor","line":23,"loc":{"start":{"line":23,"column":4},"end":{"line":28,"column":4}}},"2":{"name":"hasAdminRights","line":48,"loc":{"start":{"line":48,"column":4},"end":{"line":51,"column":4}}},"3":{"name":"setBuyer","line":54,"loc":{"start":{"line":54,"column":4},"end":{"line":57,"column":4}}},"4":{"name":"productExists","line":61,"loc":{"start":{"line":61,"column":4},"end":{"line":71,"column":4}}},"5":{"name":"productAvailability","line":75,"loc":{"start":{"line":75,"column":4},"end":{"line":82,"column":4}}},"6":{"name":"alreadyPurchased","line":86,"loc":{"start":{"line":86,"column":4},"end":{"line":95,"column":4}}},"7":{"name":"createOrUpdateProduct","line":104,"loc":{"start":{"line":101,"column":4},"end":{"line":125,"column":4}}},"8":{"name":"getProductsIds","line":128,"loc":{"start":{"line":128,"column":4},"end":{"line":135,"column":4}}},"9":{"name":"getProductsQuantities","line":139,"loc":{"start":{"line":139,"column":4},"end":{"line":146,"column":4}}},"10":{"name":"buyProduct","line":158,"loc":{"start":{"line":152,"column":4},"end":{"line":169,"column":4}}},"11":{"name":"returnProduct","line":179,"loc":{"start":{"line":175,"column":4},"end":{"line":194,"column":4}}},"12":{"name":"getContractBalance","line":197,"loc":{"start":{"line":197,"column":4},"end":{"line":199,"column":4}}},"13":{"name":"getAddressOfProductBuyers","line":203,"loc":{"start":{"line":203,"column":4},"end":{"line":216,"column":4}}}},"statementMap":{"1":{"start":{"line":27,"column":8},"end":{"line":27,"column":38}},"2":{"start":{"line":49,"column":8},"end":{"line":49,"column":65}},"3":{"start":{"line":63,"column":8},"end":{"line":63,"column":2098}},"4":{"start":{"line":64,"column":12},"end":{"line":64,"column":2162}},"5":{"start":{"line":76,"column":8},"end":{"line":76,"column":2473}},"6":{"start":{"line":79,"column":12},"end":{"line":79,"column":49}},"7":{"start":{"line":88,"column":8},"end":{"line":88,"column":2868}},"8":{"start":{"line":89,"column":12},"end":{"line":89,"column":2944}},"9":{"start":{"line":106,"column":8},"end":{"line":106,"column":3517}},"10":{"start":{"line":108,"column":12},"end":{"line":108,"column":3627}},"11":{"start":{"line":114,"column":12},"end":{"line":114,"column":47}},"12":{"start":{"line":116,"column":12},"end":{"line":116,"column":52}},"13":{"start":{"line":117,"column":12},"end":{"line":117,"column":47}},"14":{"start":{"line":118,"column":12},"end":{"line":118,"column":3997}},"15":{"start":{"line":129,"column":8},"end":{"line":129,"column":60}},"16":{"start":{"line":130,"column":8},"end":{"line":130,"column":4352}},"17":{"start":{"line":131,"column":12},"end":{"line":131,"column":54}},"18":{"start":{"line":134,"column":8},"end":{"line":134,"column":17}},"19":{"start":{"line":140,"column":8},"end":{"line":140,"column":66}},"20":{"start":{"line":141,"column":8},"end":{"line":141,"column":4773}},"21":{"start":{"line":142,"column":12},"end":{"line":142,"column":54}},"22":{"start":{"line":145,"column":8},"end":{"line":145,"column":23}},"23":{"start":{"line":160,"column":8},"end":{"line":160,"column":60}},"24":{"start":{"line":161,"column":8},"end":{"line":161,"column":73}},"25":{"start":{"line":162,"column":8},"end":{"line":162,"column":75}},"26":{"start":{"line":163,"column":8},"end":{"line":163,"column":37}},"27":{"start":{"line":164,"column":8},"end":{"line":164,"column":37}},"28":{"start":{"line":167,"column":8},"end":{"line":167,"column":47}},"29":{"start":{"line":168,"column":8},"end":{"line":168,"column":41}},"30":{"start":{"line":181,"column":8},"end":{"line":181,"column":63}},"31":{"start":{"line":182,"column":8},"end":{"line":182,"column":46}},"32":{"start":{"line":183,"column":8},"end":{"line":183,"column":69}},"33":{"start":{"line":184,"column":8},"end":{"line":184,"column":75}},"34":{"start":{"line":188,"column":8},"end":{"line":188,"column":33}},"35":{"start":{"line":190,"column":8},"end":{"line":190,"column":65}},"36":{"start":{"line":191,"column":8},"end":{"line":191,"column":44}},"37":{"start":{"line":192,"column":8},"end":{"line":192,"column":46}},"38":{"start":{"line":193,"column":8},"end":{"line":193,"column":40}},"39":{"start":{"line":198,"column":8},"end":{"line":198,"column":36}},"40":{"start":{"line":208,"column":8},"end":{"line":208,"column":7380}},"41":{"start":{"line":211,"column":8},"end":{"line":211,"column":7484}},"42":{"start":{"line":212,"column":12},"end":{"line":212,"column":50}},"43":{"start":{"line":215,"column":8},"end":{"line":215,"column":28}}},"branchMap":{"1":{"line":49,"type":"if","locations":[{"start":{"line":49,"column":8},"end":{"line":49,"column":8}},{"start":{"line":49,"column":8},"end":{"line":49,"column":8}}]},"2":{"line":64,"type":"if","locations":[{"start":{"line":64,"column":12},"end":{"line":64,"column":12}},{"start":{"line":64,"column":12},"end":{"line":64,"column":12}}]},"3":{"line":76,"type":"if","locations":[{"start":{"line":76,"column":8},"end":{"line":76,"column":8}},{"start":{"line":76,"column":8},"end":{"line":76,"column":8}}]},"4":{"line":89,"type":"if","locations":[{"start":{"line":89,"column":12},"end":{"line":89,"column":12}},{"start":{"line":89,"column":12},"end":{"line":89,"column":12}}]},"5":{"line":103,"type":"if","locations":[{"start":{"line":103,"column":8},"end":{"line":103,"column":8}},{"start":{"line":103,"column":8},"end":{"line":103,"column":8}}]},"6":{"line":104,"type":"if","locations":[{"start":{"line":104,"column":8},"end":{"line":104,"column":8}},{"start":{"line":104,"column":8},"end":{"line":104,"column":8}}]},"7":{"line":106,"type":"if","locations":[{"start":{"line":106,"column":8},"end":{"line":106,"column":8}},{"start":{"line":106,"column":8},"end":{"line":106,"column":8}}]},"8":{"line":155,"type":"if","locations":[{"start":{"line":155,"column":8},"end":{"line":155,"column":8}},{"start":{"line":155,"column":8},"end":{"line":155,"column":8}}]},"9":{"line":156,"type":"if","locations":[{"start":{"line":156,"column":8},"end":{"line":156,"column":8}},{"start":{"line":156,"column":8},"end":{"line":156,"column":8}}]},"10":{"line":157,"type":"if","locations":[{"start":{"line":157,"column":8},"end":{"line":157,"column":8}},{"start":{"line":157,"column":8},"end":{"line":157,"column":8}}]},"11":{"line":158,"type":"if","locations":[{"start":{"line":158,"column":8},"end":{"line":158,"column":8}},{"start":{"line":158,"column":8},"end":{"line":158,"column":8}}]},"12":{"line":160,"type":"if","locations":[{"start":{"line":160,"column":8},"end":{"line":160,"column":8}},{"start":{"line":160,"column":8},"end":{"line":160,"column":8}}]},"13":{"line":161,"type":"if","locations":[{"start":{"line":161,"column":8},"end":{"line":161,"column":8}},{"start":{"line":161,"column":8},"end":{"line":161,"column":8}}]},"14":{"line":162,"type":"if","locations":[{"start":{"line":162,"column":8},"end":{"line":162,"column":8}},{"start":{"line":162,"column":8},"end":{"line":162,"column":8}}]},"15":{"line":177,"type":"if","locations":[{"start":{"line":177,"column":8},"end":{"line":177,"column":8}},{"start":{"line":177,"column":8},"end":{"line":177,"column":8}}]},"16":{"line":178,"type":"if","locations":[{"start":{"line":178,"column":8},"end":{"line":178,"column":8}},{"start":{"line":178,"column":8},"end":{"line":178,"column":8}}]},"17":{"line":179,"type":"if","locations":[{"start":{"line":179,"column":8},"end":{"line":179,"column":8}},{"start":{"line":179,"column":8},"end":{"line":179,"column":8}}]},"18":{"line":181,"type":"if","locations":[{"start":{"line":181,"column":8},"end":{"line":181,"column":8}},{"start":{"line":181,"column":8},"end":{"line":181,"column":8}}]},"19":{"line":184,"type":"if","locations":[{"start":{"line":184,"column":8},"end":{"line":184,"column":8}},{"start":{"line":184,"column":8},"end":{"line":184,"column":8}}]},"20":{"line":191,"type":"if","locations":[{"start":{"line":191,"column":8},"end":{"line":191,"column":8}},{"start":{"line":191,"column":8},"end":{"line":191,"column":8}}]}}}}
