TN:
SF:/Users/gerborisova/Desktop/lime-techno-store-qqayva/contracts/TechnoLimeStore.sol
FN:23,constructor
FN:48,hasAdminRights
FN:54,setBuyer
FN:61,productExists
FN:75,productAvailability
FN:86,alreadyPurchased
FN:104,createOrUpdateProduct
FN:128,getProductsIds
FN:139,getProductsQuantities
FN:158,buyProduct
FN:179,returnProduct
FN:197,getContractBalance
FN:203,getAddressOfProductBuyers
FNF:13
FNH:13
FNDA:1,constructor
FNDA:5,hasAdminRights
FNDA:13,setBuyer
FNDA:17,productExists
FNDA:10,productAvailability
FNDA:13,alreadyPurchased
FNDA:4,createOrUpdateProduct
FNDA:2,getProductsIds
FNDA:3,getProductsQuantities
FNDA:9,buyProduct
FNDA:3,returnProduct
FNDA:1,getContractBalance
FNDA:1,getAddressOfProductBuyers
DA:25,1
DA:27,1
DA:49,5
DA:50,4
DA:55,13
DA:56,13
DA:62,17
DA:63,17
DA:64,17
DA:65,14
DA:66,14
DA:67,14
DA:70,17
DA:76,10
DA:77,9
DA:79,1
DA:81,9
DA:87,13
DA:88,13
DA:89,3
DA:90,3
DA:91,3
DA:94,13
DA:106,4
DA:107,3
DA:108,3
DA:114,3
DA:116,1
DA:117,1
DA:118,1
DA:129,2
DA:130,2
DA:131,3
DA:132,3
DA:134,2
DA:140,3
DA:141,3
DA:142,3
DA:143,3
DA:145,3
DA:160,9
DA:161,8
DA:162,7
DA:163,6
DA:164,6
DA:165,6
DA:166,6
DA:167,6
DA:168,6
DA:181,3
DA:182,2
DA:183,2
DA:184,2
DA:185,1
DA:188,1
DA:189,1
DA:190,1
DA:191,1
DA:192,1
DA:193,1
DA:198,1
DA:208,1
DA:211,1
DA:212,1
DA:213,1
DA:215,1
LF:66
LH:66
BRDA:49,1,0,4
BRDA:49,1,1,1
BRDA:64,2,0,14
BRDA:64,2,1,3
BRDA:76,3,0,9
BRDA:76,3,1,1
BRDA:89,4,0,3
BRDA:89,4,1,0
BRDA:103,5,0,4
BRDA:103,5,1,1
BRDA:104,6,0,4
BRDA:104,6,1,0
BRDA:106,7,0,3
BRDA:106,7,1,1
BRDA:155,8,0,10
BRDA:155,8,1,0
BRDA:156,9,0,10
BRDA:156,9,1,0
BRDA:157,10,0,10
BRDA:157,10,1,0
BRDA:158,11,0,9
BRDA:158,11,1,1
BRDA:160,12,0,8
BRDA:160,12,1,1
BRDA:161,13,0,7
BRDA:161,13,1,1
BRDA:162,14,0,6
BRDA:162,14,1,1
BRDA:177,15,0,3
BRDA:177,15,1,0
BRDA:178,16,0,3
BRDA:178,16,1,0
BRDA:179,17,0,3
BRDA:179,17,1,0
BRDA:181,18,0,2
BRDA:181,18,1,1
BRDA:184,19,0,1
BRDA:184,19,1,1
BRDA:191,20,0,1
BRDA:191,20,1,0
BRF:40
BRH:31
end_of_record
